This file contains any messages produced by compilers while
running configure, to aid debugging if configure makes a mistake.

It was created by configure, which was
generated by GNU Autoconf 2.69.  Invocation command line was

  $ ./configure 

## --------- ##
## Platform. ##
## --------- ##

hostname = Adun
uname -m = x86_64
uname -r = 4.15.0-42-generic
uname -s = Linux
uname -v = #45-Ubuntu SMP Thu Nov 15 19:32:57 UTC 2018

/usr/bin/uname -p = unknown
/bin/uname -X     = unknown

/bin/arch              = unknown
/usr/bin/arch -k       = unknown
/usr/convex/getsysinfo = unknown
/usr/bin/hostinfo      = unknown
/bin/machine           = unknown
/usr/bin/oslevel       = unknown
/bin/universe          = unknown

PATH: /usr/local/sbin
PATH: /usr/local/bin
PATH: /usr/sbin
PATH: /usr/bin
PATH: /sbin
PATH: /bin
PATH: /usr/games
PATH: /usr/local/games
PATH: /snap/bin


## ----------- ##
## Core tests. ##
## ----------- ##

configure:2348: checking for a BSD-compatible install
configure:2416: result: /usr/bin/install -c
configure:2427: checking whether build environment is sane
configure:2482: result: yes
configure:2520: WARNING: 'missing' script is too old or missing
configure:2633: checking for a thread-safe mkdir -p
configure:2672: result: /bin/mkdir -p
configure:2679: checking for gawk
configure:2709: result: no
configure:2679: checking for mawk
configure:2695: found /usr/bin/mawk
configure:2706: result: mawk
configure:2717: checking whether make sets $(MAKE)
configure:2739: result: yes
configure:2768: checking whether make supports nested variables
configure:2785: result: yes
configure:2963: checking build system type
configure:2977: result: x86_64-unknown-linux-gnu
configure:2997: checking host system type
configure:3010: result: x86_64-unknown-linux-gnu
configure:3051: checking how to print strings
configure:3078: result: printf
configure:3111: checking for style of include used by make
configure:3139: result: GNU
configure:3210: checking for gcc
configure:3226: found /usr/bin/gcc
configure:3237: result: gcc
configure:3466: checking for C compiler version
configure:3475: gcc --version >&5
gcc (Ubuntu 7.3.0-27ubuntu1~18.04) 7.3.0
Copyright (C) 2017 Free Software Foundation, Inc.
This is free software; see the source for copying conditions.  There is NO
warranty; not even for MERCHANTABILITY or FITNESS FOR A PARTICULAR PURPOSE.

configure:3486: $? = 0
configure:3475: gcc -v >&5
Using built-in specs.
COLLECT_GCC=gcc
COLLECT_LTO_WRAPPER=/usr/lib/gcc/x86_64-linux-gnu/7/lto-wrapper
OFFLOAD_TARGET_NAMES=nvptx-none
OFFLOAD_TARGET_DEFAULT=1
Target: x86_64-linux-gnu
Configured with: ../src/configure -v --with-pkgversion='Ubuntu 7.3.0-27ubuntu1~18.04' --with-bugurl=file:///usr/share/doc/gcc-7/README.Bugs --enable-languages=c,ada,c++,go,brig,d,fortran,objc,obj-c++ --prefix=/usr --with-gcc-major-version-only --program-suffix=-7 --program-prefix=x86_64-linux-gnu- --enable-shared --enable-linker-build-id --libexecdir=/usr/lib --without-included-gettext --enable-threads=posix --libdir=/usr/lib --enable-nls --with-sysroot=/ --enable-clocale=gnu --enable-libstdcxx-debug --enable-libstdcxx-time=yes --with-default-libstdcxx-abi=new --enable-gnu-unique-object --disable-vtable-verify --enable-libmpx --enable-plugin --enable-default-pie --with-system-zlib --with-target-system-zlib --enable-objc-gc=auto --enable-multiarch --disable-werror --with-arch-32=i686 --with-abi=m64 --with-multilib-list=m32,m64,mx32 --enable-multilib --with-tune=generic --enable-offload-targets=nvptx-none --without-cuda-driver --enable-checking=release --build=x86_64-linux-gnu --host=x86_64-linux-gnu --target=x86_64-linux-gnu
Thread model: posix
gcc version 7.3.0 (Ubuntu 7.3.0-27ubuntu1~18.04) 
configure:3486: $? = 0
configure:3475: gcc -V >&5
gcc: error: unrecognized command line option '-V'
gcc: fatal error: no input files
compilation terminated.
configure:3486: $? = 1
configure:3475: gcc -qversion >&5
gcc: error: unrecognized command line option '-qversion'; did you mean '--version'?
gcc: fatal error: no input files
compilation terminated.
configure:3486: $? = 1
configure:3506: checking whether the C compiler works
configure:3528: gcc    conftest.c  >&5
configure:3532: $? = 0
configure:3580: result: yes
configure:3583: checking for C compiler default output file name
configure:3585: result: a.out
configure:3591: checking for suffix of executables
configure:3598: gcc -o conftest    conftest.c  >&5
configure:3602: $? = 0
configure:3624: result: 
configure:3646: checking whether we are cross compiling
configure:3654: gcc -o conftest    conftest.c  >&5
configure:3658: $? = 0
configure:3665: ./conftest
configure:3669: $? = 0
configure:3684: result: no
configure:3689: checking for suffix of object files
configure:3711: gcc -c   conftest.c >&5
configure:3715: $? = 0
configure:3736: result: o
configure:3740: checking whether we are using the GNU C compiler
configure:3759: gcc -c   conftest.c >&5
configure:3759: $? = 0
configure:3768: result: yes
configure:3777: checking whether gcc accepts -g
configure:3797: gcc -c -g  conftest.c >&5
configure:3797: $? = 0
configure:3838: result: yes
configure:3855: checking for gcc option to accept ISO C89
configure:3918: gcc  -c -g -O2  conftest.c >&5
configure:3918: $? = 0
configure:3931: result: none needed
configure:3956: checking whether gcc understands -c and -o together
configure:3978: gcc -c conftest.c -o conftest2.o
configure:3981: $? = 0
configure:3978: gcc -c conftest.c -o conftest2.o
configure:3981: $? = 0
configure:3993: result: yes
configure:4012: checking dependency style of gcc
configure:4123: result: gcc3
configure:4138: checking for a sed that does not truncate output
configure:4202: result: /bin/sed
configure:4220: checking for grep that handles long lines and -e
configure:4278: result: /bin/grep
configure:4283: checking for egrep
configure:4345: result: /bin/grep -E
configure:4350: checking for fgrep
configure:4412: result: /bin/grep -F
configure:4447: checking for ld used by gcc
configure:4514: result: /usr/bin/ld
configure:4521: checking if the linker (/usr/bin/ld) is GNU ld
configure:4536: result: yes
configure:4548: checking for BSD- or MS-compatible name lister (nm)
configure:4602: result: /usr/bin/nm -B
configure:4732: checking the name lister (/usr/bin/nm -B) interface
configure:4739: gcc -c -g -O2  conftest.c >&5
configure:4742: /usr/bin/nm -B "conftest.o"
configure:4745: output
0000000000000000 B some_variable
configure:4752: result: BSD nm
configure:4755: checking whether ln -s works
configure:4759: result: yes
configure:4767: checking the maximum length of command line arguments
configure:4898: result: 1572864
configure:4946: checking how to convert x86_64-unknown-linux-gnu file names to x86_64-unknown-linux-gnu format
configure:4986: result: func_convert_file_noop
configure:4993: checking how to convert x86_64-unknown-linux-gnu file names to toolchain format
configure:5013: result: func_convert_file_noop
configure:5020: checking for /usr/bin/ld option to reload object files
configure:5027: result: -r
configure:5101: checking for objdump
configure:5117: found /usr/bin/objdump
configure:5128: result: objdump
configure:5160: checking how to recognize dependent libraries
configure:5360: result: pass_all
configure:5445: checking for dlltool
configure:5475: result: no
configure:5505: checking how to associate runtime and link libraries
configure:5532: result: printf %s\n
configure:5593: checking for ar
configure:5609: found /usr/bin/ar
configure:5620: result: ar
configure:5657: checking for archiver @FILE support
configure:5674: gcc -c -g -O2  conftest.c >&5
configure:5674: $? = 0
configure:5677: ar cru libconftest.a @conftest.lst >&5
ar: `u' modifier ignored since `D' is the default (see `U')
configure:5680: $? = 0
configure:5685: ar cru libconftest.a @conftest.lst >&5
ar: `u' modifier ignored since `D' is the default (see `U')
ar: conftest.o: No such file or directory
configure:5688: $? = 1
configure:5700: result: @
configure:5758: checking for strip
configure:5774: found /usr/bin/strip
configure:5785: result: strip
configure:5857: checking for ranlib
configure:5873: found /usr/bin/ranlib
configure:5884: result: ranlib
configure:5986: checking command to parse /usr/bin/nm -B output from gcc object
configure:6139: gcc -c -g -O2  conftest.c >&5
configure:6142: $? = 0
configure:6146: /usr/bin/nm -B conftest.o \| sed -n -e 's/^.*[ ]\([ABCDGIRSTW][ABCDGIRSTW]*\)[ ][ ]*\([_A-Za-z][_A-Za-z0-9]*\)$/\1 \2 \2/p' | sed '/ __gnu_lto/d' \> conftest.nm
configure:6149: $? = 0
configure:6215: gcc -o conftest -g -O2   conftest.c conftstm.o >&5
configure:6218: $? = 0
configure:6256: result: ok
configure:6303: checking for sysroot
configure:6333: result: no
configure:6340: checking for a working dd
configure:6378: result: /bin/dd
configure:6382: checking how to truncate binary pipes
configure:6397: result: /bin/dd bs=4096 count=1
configure:6533: gcc -c -g -O2  conftest.c >&5
configure:6536: $? = 0
configure:6726: checking for mt
configure:6742: found /bin/mt
configure:6753: result: mt
configure:6776: checking if mt is a manifest tool
configure:6782: mt '-?'
configure:6790: result: no
configure:7467: checking how to run the C preprocessor
configure:7498: gcc -E  conftest.c
configure:7498: $? = 0
configure:7512: gcc -E  conftest.c
conftest.c:14:10: fatal error: ac_nonexistent.h: No such file or directory
 #include <ac_nonexistent.h>
          ^~~~~~~~~~~~~~~~~~
compilation terminated.
configure:7512: $? = 1
configure: failed program was:
| /* confdefs.h */
| #define PACKAGE_NAME ""
| #define PACKAGE_TARNAME ""
| #define PACKAGE_VERSION ""
| #define PACKAGE_STRING ""
| #define PACKAGE_BUGREPORT ""
| #define PACKAGE_URL ""
| #define GTS_MAJOR_VERSION 0
| #define GTS_MINOR_VERSION 7
| #define GTS_MICRO_VERSION 6
| #define GTS_INTERFACE_AGE 1
| #define GTS_BINARY_AGE 1
| /* end confdefs.h.  */
| #include <ac_nonexistent.h>
configure:7537: result: gcc -E
configure:7557: gcc -E  conftest.c
configure:7557: $? = 0
configure:7571: gcc -E  conftest.c
conftest.c:14:10: fatal error: ac_nonexistent.h: No such file or directory
 #include <ac_nonexistent.h>
          ^~~~~~~~~~~~~~~~~~
compilation terminated.
configure:7571: $? = 1
configure: failed program was:
| /* confdefs.h */
| #define PACKAGE_NAME ""
| #define PACKAGE_TARNAME ""
| #define PACKAGE_VERSION ""
| #define PACKAGE_STRING ""
| #define PACKAGE_BUGREPORT ""
| #define PACKAGE_URL ""
| #define GTS_MAJOR_VERSION 0
| #define GTS_MINOR_VERSION 7
| #define GTS_MICRO_VERSION 6
| #define GTS_INTERFACE_AGE 1
| #define GTS_BINARY_AGE 1
| /* end confdefs.h.  */
| #include <ac_nonexistent.h>
configure:7600: checking for ANSI C header files
configure:7620: gcc -c -g -O2  conftest.c >&5
configure:7620: $? = 0
configure:7693: gcc -o conftest -g -O2   conftest.c  >&5
configure:7693: $? = 0
configure:7693: ./conftest
configure:7693: $? = 0
configure:7704: result: yes
configure:7717: checking for sys/types.h
configure:7717: gcc -c -g -O2  conftest.c >&5
configure:7717: $? = 0
configure:7717: result: yes
configure:7717: checking for sys/stat.h
configure:7717: gcc -c -g -O2  conftest.c >&5
configure:7717: $? = 0
configure:7717: result: yes
configure:7717: checking for stdlib.h
configure:7717: gcc -c -g -O2  conftest.c >&5
configure:7717: $? = 0
configure:7717: result: yes
configure:7717: checking for string.h
configure:7717: gcc -c -g -O2  conftest.c >&5
configure:7717: $? = 0
configure:7717: result: yes
configure:7717: checking for memory.h
configure:7717: gcc -c -g -O2  conftest.c >&5
configure:7717: $? = 0
configure:7717: result: yes
configure:7717: checking for strings.h
configure:7717: gcc -c -g -O2  conftest.c >&5
configure:7717: $? = 0
configure:7717: result: yes
configure:7717: checking for inttypes.h
configure:7717: gcc -c -g -O2  conftest.c >&5
configure:7717: $? = 0
configure:7717: result: yes
configure:7717: checking for stdint.h
configure:7717: gcc -c -g -O2  conftest.c >&5
configure:7717: $? = 0
configure:7717: result: yes
configure:7717: checking for unistd.h
configure:7717: gcc -c -g -O2  conftest.c >&5
configure:7717: $? = 0
configure:7717: result: yes
configure:7731: checking for dlfcn.h
configure:7731: gcc -c -g -O2  conftest.c >&5
configure:7731: $? = 0
configure:7731: result: yes
configure:7987: checking for objdir
configure:8002: result: .libs
configure:8262: checking if gcc supports -fno-rtti -fno-exceptions
configure:8280: gcc -c -g -O2  -fno-rtti -fno-exceptions conftest.c >&5
cc1: warning: command line option '-fno-rtti' is valid for C++/ObjC++ but not for C
configure:8284: $? = 0
configure:8297: result: no
configure:8655: checking for gcc option to produce PIC
configure:8662: result: -fPIC -DPIC
configure:8670: checking if gcc PIC flag -fPIC -DPIC works
configure:8688: gcc -c -g -O2  -fPIC -DPIC -DPIC conftest.c >&5
configure:8692: $? = 0
configure:8705: result: yes
configure:8734: checking if gcc static flag -static works
configure:8762: result: yes
configure:8777: checking if gcc supports -c -o file.o
configure:8798: gcc -c -g -O2  -o out/conftest2.o conftest.c >&5
configure:8802: $? = 0
configure:8824: result: yes
configure:8832: checking if gcc supports -c -o file.o
configure:8879: result: yes
configure:8912: checking whether the gcc linker (/usr/bin/ld -m elf_x86_64) supports shared libraries
configure:10175: result: yes
configure:10212: checking whether -lc should be explicitly linked in
configure:10220: gcc -c -g -O2  conftest.c >&5
configure:10223: $? = 0
configure:10238: gcc -shared  -fPIC -DPIC conftest.o  -v -Wl,-soname -Wl,conftest -o conftest 2\>\&1 \| /bin/grep  -lc  \>/dev/null 2\>\&1
configure:10241: $? = 0
configure:10255: result: no
configure:10415: checking dynamic linker characteristics
configure:10996: gcc -o conftest -g -O2   -Wl,-rpath -Wl,/foo conftest.c  >&5
configure:10996: $? = 0
configure:11245: result: GNU/Linux ld.so
configure:11367: checking how to hardcode library paths into programs
configure:11392: result: immediate
configure:11940: checking whether stripping libraries is possible
configure:11945: result: yes
configure:11980: checking if libtool supports shared libraries
configure:11982: result: yes
configure:11985: checking whether to build shared libraries
configure:12010: result: yes
configure:12013: checking whether to build static libraries
configure:12017: result: yes
configure:12056: checking whether to enable maintainer-specific portions of Makefiles
configure:12065: result: no
configure:12127: checking for gcc
configure:12154: result: gcc
configure:12383: checking for C compiler version
configure:12392: gcc --version >&5
gcc (Ubuntu 7.3.0-27ubuntu1~18.04) 7.3.0
Copyright (C) 2017 Free Software Foundation, Inc.
This is free software; see the source for copying conditions.  There is NO
warranty; not even for MERCHANTABILITY or FITNESS FOR A PARTICULAR PURPOSE.

configure:12403: $? = 0
configure:12392: gcc -v >&5
Using built-in specs.
COLLECT_GCC=gcc
COLLECT_LTO_WRAPPER=/usr/lib/gcc/x86_64-linux-gnu/7/lto-wrapper
OFFLOAD_TARGET_NAMES=nvptx-none
OFFLOAD_TARGET_DEFAULT=1
Target: x86_64-linux-gnu
Configured with: ../src/configure -v --with-pkgversion='Ubuntu 7.3.0-27ubuntu1~18.04' --with-bugurl=file:///usr/share/doc/gcc-7/README.Bugs --enable-languages=c,ada,c++,go,brig,d,fortran,objc,obj-c++ --prefix=/usr --with-gcc-major-version-only --program-suffix=-7 --program-prefix=x86_64-linux-gnu- --enable-shared --enable-linker-build-id --libexecdir=/usr/lib --without-included-gettext --enable-threads=posix --libdir=/usr/lib --enable-nls --with-sysroot=/ --enable-clocale=gnu --enable-libstdcxx-debug --enable-libstdcxx-time=yes --with-default-libstdcxx-abi=new --enable-gnu-unique-object --disable-vtable-verify --enable-libmpx --enable-plugin --enable-default-pie --with-system-zlib --with-target-system-zlib --enable-objc-gc=auto --enable-multiarch --disable-werror --with-arch-32=i686 --with-abi=m64 --with-multilib-list=m32,m64,mx32 --enable-multilib --with-tune=generic --enable-offload-targets=nvptx-none --without-cuda-driver --enable-checking=release --build=x86_64-linux-gnu --host=x86_64-linux-gnu --target=x86_64-linux-gnu
Thread model: posix
gcc version 7.3.0 (Ubuntu 7.3.0-27ubuntu1~18.04) 
configure:12403: $? = 0
configure:12392: gcc -V >&5
gcc: error: unrecognized command line option '-V'
gcc: fatal error: no input files
compilation terminated.
configure:12403: $? = 1
configure:12392: gcc -qversion >&5
gcc: error: unrecognized command line option '-qversion'; did you mean '--version'?
gcc: fatal error: no input files
compilation terminated.
configure:12403: $? = 1
configure:12407: checking whether we are using the GNU C compiler
configure:12435: result: yes
configure:12444: checking whether gcc accepts -g
configure:12505: result: yes
configure:12522: checking for gcc option to accept ISO C89
configure:12598: result: none needed
configure:12623: checking whether gcc understands -c and -o together
configure:12660: result: yes
configure:12679: checking dependency style of gcc
configure:12790: result: gcc3
configure:12814: checking for gawk
configure:12841: result: mawk
configure:12852: checking for library containing strerror
configure:12883: gcc -o conftest -g -O2 -Wall -Werror-implicit-function-declaration -Wstrict-prototypes -Wmissing-prototypes -Wmissing-declarations   conftest.c  >&5
conftest.c:33:1: warning: function declaration isn't a prototype [-Wstrict-prototypes]
 char strerror ();
 ^~~~
conftest.c:35:1: warning: function declaration isn't a prototype [-Wstrict-prototypes]
 main ()
 ^~~~
configure:12883: $? = 0
configure:12900: result: none required
configure:12908: checking for ANSI C header files
configure:13012: result: yes
configure:13021: checking for pgm_init in -lnetpbm
configure:13046: gcc -o conftest -g -O2 -Wall -Werror-implicit-function-declaration -Wstrict-prototypes -Wmissing-prototypes -Wmissing-declarations   conftest.c -lnetpbm   >&5
conftest.c:34:1: warning: function declaration isn't a prototype [-Wstrict-prototypes]
 char pgm_init ();
 ^~~~
conftest.c:36:1: warning: function declaration isn't a prototype [-Wstrict-prototypes]
 main ()
 ^~~~
/usr/bin/ld: cannot find -lnetpbm
collect2: error: ld returned 1 exit status
configure:13046: $? = 1
configure: failed program was:
| /* confdefs.h */
| #define PACKAGE_NAME ""
| #define PACKAGE_TARNAME ""
| #define PACKAGE_VERSION ""
| #define PACKAGE_STRING ""
| #define PACKAGE_BUGREPORT ""
| #define PACKAGE_URL ""
| #define GTS_MAJOR_VERSION 0
| #define GTS_MINOR_VERSION 7
| #define GTS_MICRO_VERSION 6
| #define GTS_INTERFACE_AGE 1
| #define GTS_BINARY_AGE 1
| #define STDC_HEADERS 1
| #define HAVE_SYS_TYPES_H 1
| #define HAVE_SYS_STAT_H 1
| #define HAVE_STDLIB_H 1
| #define HAVE_STRING_H 1
| #define HAVE_MEMORY_H 1
| #define HAVE_STRINGS_H 1
| #define HAVE_INTTYPES_H 1
| #define HAVE_STDINT_H 1
| #define HAVE_UNISTD_H 1
| #define HAVE_DLFCN_H 1
| #define LT_OBJDIR ".libs/"
| #define STDC_HEADERS 1
| /* end confdefs.h.  */
| 
| /* Override any GCC internal prototype to avoid an error.
|    Use char because int might match the return type of a GCC
|    builtin and then its argument prototype would still apply.  */
| #ifdef __cplusplus
| extern "C"
| #endif
| char pgm_init ();
| int
| main ()
| {
| return pgm_init ();
|   ;
|   return 0;
| }
configure:13055: result: no
configure:13060: WARNING: libnetpbm not found. Some programs will not be available.
configure:13157: checking for pkg-config
configure:13175: found /usr/bin/pkg-config
configure:13187: result: /usr/bin/pkg-config
configure:13212: checking pkg-config is at least version 0.16
configure:13215: result: yes
configure:13232: checking for GLIB - version >= 2.4.0
configure:13344: gcc -o conftest -g -O2 -Wall -Werror-implicit-function-declaration -Wstrict-prototypes -Wmissing-prototypes -Wmissing-declarations -pthread -I/usr/include/glib-2.0 -I/usr/lib/x86_64-linux-gnu/glib-2.0/include   conftest.c -lgthread-2.0 -pthread -Wl,--export-dynamic -lgmodule-2.0 -pthread -lglib-2.0  >&5
configure:13344: $? = 0
configure:13344: ./conftest
configure:13344: $? = 0
configure:13358: result: yes (version 2.56.3)
configure:13797: gcc -c -g -O2 -Wall -Werror-implicit-function-declaration -Wstrict-prototypes -Wmissing-prototypes -Wmissing-declarations -I/usr/include/glib-2.0 -I/usr/lib/x86_64-linux-gnu/glib-2.0/include  conftest.c >&5
conftest.c:29:1: warning: function declaration isn't a prototype [-Wstrict-prototypes]
 main ()
 ^~~~
conftest.c: In function 'main':
conftest.c:31:1: warning: missing terminating " character
 "{
 ^
conftest.c:31:1: error: missing terminating " character
 "{
 ^~
conftest.c:32:13: warning: #warning test [-Wcpp]
            #warning test
             ^~~~~~~
conftest.c: At top level:
conftest.c:33:3: warning: missing terminating " character
  }"
   ^
conftest.c:33:3: error: missing terminating " character
conftest.c:35:3: error: expected identifier or '(' before 'return'
   return 0;
   ^~~~~~
conftest.c:36:1: error: expected identifier or '(' before '}' token
 }
 ^
configure:13797: $? = 1
configure: failed program was:
| /* confdefs.h */
| #define PACKAGE_NAME ""
| #define PACKAGE_TARNAME ""
| #define PACKAGE_VERSION ""
| #define PACKAGE_STRING ""
| #define PACKAGE_BUGREPORT ""
| #define PACKAGE_URL ""
| #define GTS_MAJOR_VERSION 0
| #define GTS_MINOR_VERSION 7
| #define GTS_MICRO_VERSION 6
| #define GTS_INTERFACE_AGE 1
| #define GTS_BINARY_AGE 1
| #define STDC_HEADERS 1
| #define HAVE_SYS_TYPES_H 1
| #define HAVE_SYS_STAT_H 1
| #define HAVE_STDLIB_H 1
| #define HAVE_STRING_H 1
| #define HAVE_MEMORY_H 1
| #define HAVE_STRINGS_H 1
| #define HAVE_INTTYPES_H 1
| #define HAVE_STDINT_H 1
| #define HAVE_UNISTD_H 1
| #define HAVE_DLFCN_H 1
| #define LT_OBJDIR ".libs/"
| #define STDC_HEADERS 1
| /* end confdefs.h.  */
| 
| int
| main ()
| {
| "{
|            #warning test
| 	}"
|   ;
|   return 0;
| }
configure:13802: WARNING: "C preprocessor does not support warning directive."
configure:13810: checking fpu_control.h usability
configure:13810: gcc -c -g -O2 -Wall -Werror-implicit-function-declaration -Wstrict-prototypes -Wmissing-prototypes -Wmissing-declarations -I/usr/include/glib-2.0 -I/usr/lib/x86_64-linux-gnu/glib-2.0/include  conftest.c >&5
configure:13810: $? = 0
configure:13810: result: yes
configure:13810: checking fpu_control.h presence
configure:13810: gcc -E  conftest.c
configure:13810: $? = 0
configure:13810: result: yes
configure:13810: checking for fpu_control.h
configure:13810: result: yes
configure:13823: checking floatingpoint.h usability
configure:13823: gcc -c -g -O2 -Wall -Werror-implicit-function-declaration -Wstrict-prototypes -Wmissing-prototypes -Wmissing-declarations -I/usr/include/glib-2.0 -I/usr/lib/x86_64-linux-gnu/glib-2.0/include  conftest.c >&5
conftest.c:62:10: fatal error: floatingpoint.h: No such file or directory
 #include <floatingpoint.h>
          ^~~~~~~~~~~~~~~~~
compilation terminated.
configure:13823: $? = 1
configure: failed program was:
| /* confdefs.h */
| #define PACKAGE_NAME ""
| #define PACKAGE_TARNAME ""
| #define PACKAGE_VERSION ""
| #define PACKAGE_STRING ""
| #define PACKAGE_BUGREPORT ""
| #define PACKAGE_URL ""
| #define GTS_MAJOR_VERSION 0
| #define GTS_MINOR_VERSION 7
| #define GTS_MICRO_VERSION 6
| #define GTS_INTERFACE_AGE 1
| #define GTS_BINARY_AGE 1
| #define STDC_HEADERS 1
| #define HAVE_SYS_TYPES_H 1
| #define HAVE_SYS_STAT_H 1
| #define HAVE_STDLIB_H 1
| #define HAVE_STRING_H 1
| #define HAVE_MEMORY_H 1
| #define HAVE_STRINGS_H 1
| #define HAVE_INTTYPES_H 1
| #define HAVE_STDINT_H 1
| #define HAVE_UNISTD_H 1
| #define HAVE_DLFCN_H 1
| #define LT_OBJDIR ".libs/"
| #define STDC_HEADERS 1
| #define HAVE_FPU_CONTROL_H 1
| #define HAVE_FPU_CONTROL_H 1
| /* end confdefs.h.  */
| #include <stdio.h>
| #ifdef HAVE_SYS_TYPES_H
| # include <sys/types.h>
| #endif
| #ifdef HAVE_SYS_STAT_H
| # include <sys/stat.h>
| #endif
| #ifdef STDC_HEADERS
| # include <stdlib.h>
| # include <stddef.h>
| #else
| # ifdef HAVE_STDLIB_H
| #  include <stdlib.h>
| # endif
| #endif
| #ifdef HAVE_STRING_H
| # if !defined STDC_HEADERS && defined HAVE_MEMORY_H
| #  include <memory.h>
| # endif
| # include <string.h>
| #endif
| #ifdef HAVE_STRINGS_H
| # include <strings.h>
| #endif
| #ifdef HAVE_INTTYPES_H
| # include <inttypes.h>
| #endif
| #ifdef HAVE_STDINT_H
| # include <stdint.h>
| #endif
| #ifdef HAVE_UNISTD_H
| # include <unistd.h>
| #endif
| #include <floatingpoint.h>
configure:13823: result: no
configure:13823: checking floatingpoint.h presence
configure:13823: gcc -E  conftest.c
conftest.c:29:10: fatal error: floatingpoint.h: No such file or directory
 #include <floatingpoint.h>
          ^~~~~~~~~~~~~~~~~
compilation terminated.
configure:13823: $? = 1
configure: failed program was:
| /* confdefs.h */
| #define PACKAGE_NAME ""
| #define PACKAGE_TARNAME ""
| #define PACKAGE_VERSION ""
| #define PACKAGE_STRING ""
| #define PACKAGE_BUGREPORT ""
| #define PACKAGE_URL ""
| #define GTS_MAJOR_VERSION 0
| #define GTS_MINOR_VERSION 7
| #define GTS_MICRO_VERSION 6
| #define GTS_INTERFACE_AGE 1
| #define GTS_BINARY_AGE 1
| #define STDC_HEADERS 1
| #define HAVE_SYS_TYPES_H 1
| #define HAVE_SYS_STAT_H 1
| #define HAVE_STDLIB_H 1
| #define HAVE_STRING_H 1
| #define HAVE_MEMORY_H 1
| #define HAVE_STRINGS_H 1
| #define HAVE_INTTYPES_H 1
| #define HAVE_STDINT_H 1
| #define HAVE_UNISTD_H 1
| #define HAVE_DLFCN_H 1
| #define LT_OBJDIR ".libs/"
| #define STDC_HEADERS 1
| #define HAVE_FPU_CONTROL_H 1
| #define HAVE_FPU_CONTROL_H 1
| /* end confdefs.h.  */
| #include <floatingpoint.h>
configure:13823: result: no
configure:13823: checking for floatingpoint.h
configure:13823: result: no
configure:13836: checking for unistd.h
configure:13836: result: yes
configure:13849: checking getopt.h usability
configure:13849: gcc -c -g -O2 -Wall -Werror-implicit-function-declaration -Wstrict-prototypes -Wmissing-prototypes -Wmissing-declarations -I/usr/include/glib-2.0 -I/usr/lib/x86_64-linux-gnu/glib-2.0/include  conftest.c >&5
configure:13849: $? = 0
configure:13849: result: yes
configure:13849: checking getopt.h presence
configure:13849: gcc -E  conftest.c
configure:13849: $? = 0
configure:13849: result: yes
configure:13849: checking for getopt.h
configure:13849: result: yes
configure:13863: checking for getopt_long
configure:13863: gcc -o conftest -g -O2 -Wall -Werror-implicit-function-declaration -Wstrict-prototypes -Wmissing-prototypes -Wmissing-declarations -I/usr/include/glib-2.0 -I/usr/lib/x86_64-linux-gnu/glib-2.0/include   -lglib-2.0 conftest.c  >&5
conftest.c:56:1: warning: function declaration isn't a prototype [-Wstrict-prototypes]
 char getopt_long ();
 ^~~~
conftest.c:65:1: warning: function declaration isn't a prototype [-Wstrict-prototypes]
 main ()
 ^~~~
configure:13863: $? = 0
configure:13863: result: yes
configure:13983: checking that generated files are newer than configure
configure:13989: result: done
configure:14024: creating ./config.status

## ---------------------- ##
## Running config.status. ##
## ---------------------- ##

This file was extended by config.status, which was
generated by GNU Autoconf 2.69.  Invocation command line was

  CONFIG_FILES    = 
  CONFIG_HEADERS  = 
  CONFIG_LINKS    = 
  CONFIG_COMMANDS = 
  $ ./config.status 

on Adun

config.status:1145: creating Makefile
config.status:1145: creating gts.pc
config.status:1145: creating gts.spec
config.status:1145: creating src/Makefile
config.status:1145: creating src/gts-config
config.status:1145: creating tools/Makefile
config.status:1145: creating doc/Makefile
config.status:1145: creating examples/Makefile
config.status:1145: creating test/Makefile
config.status:1145: creating test/boolean/Makefile
config.status:1145: creating test/delaunay/Makefile
config.status:1145: creating test/coarsen/Makefile
config.status:1145: creating config.h
config.status:1374: executing depfiles commands
config.status:1374: executing libtool commands
config.status:1374: executing default-1 commands

## ---------------- ##
## Cache variables. ##
## ---------------- ##

ac_cv_build=x86_64-unknown-linux-gnu
ac_cv_c_compiler_gnu=yes
ac_cv_env_CC_set=
ac_cv_env_CC_value=
ac_cv_env_CFLAGS_set=
ac_cv_env_CFLAGS_value=
ac_cv_env_CPPFLAGS_set=
ac_cv_env_CPPFLAGS_value=
ac_cv_env_CPP_set=
ac_cv_env_CPP_value=
ac_cv_env_LDFLAGS_set=
ac_cv_env_LDFLAGS_value=
ac_cv_env_LIBS_set=
ac_cv_env_LIBS_value=
ac_cv_env_LT_SYS_LIBRARY_PATH_set=
ac_cv_env_LT_SYS_LIBRARY_PATH_value=
ac_cv_env_PKG_CONFIG_LIBDIR_set=
ac_cv_env_PKG_CONFIG_LIBDIR_value=
ac_cv_env_PKG_CONFIG_PATH_set=
ac_cv_env_PKG_CONFIG_PATH_value=
ac_cv_env_PKG_CONFIG_set=
ac_cv_env_PKG_CONFIG_value=
ac_cv_env_build_alias_set=
ac_cv_env_build_alias_value=
ac_cv_env_host_alias_set=
ac_cv_env_host_alias_value=
ac_cv_env_target_alias_set=
ac_cv_env_target_alias_value=
ac_cv_func_getopt_long=yes
ac_cv_header_dlfcn_h=yes
ac_cv_header_floatingpoint_h=no
ac_cv_header_fpu_control_h=yes
ac_cv_header_getopt_h=yes
ac_cv_header_inttypes_h=yes
ac_cv_header_memory_h=yes
ac_cv_header_stdc=yes
ac_cv_header_stdint_h=yes
ac_cv_header_stdlib_h=yes
ac_cv_header_string_h=yes
ac_cv_header_strings_h=yes
ac_cv_header_sys_stat_h=yes
ac_cv_header_sys_types_h=yes
ac_cv_header_unistd_h=yes
ac_cv_host=x86_64-unknown-linux-gnu
ac_cv_lib_netpbm_pgm_init=no
ac_cv_objext=o
ac_cv_path_EGREP='/bin/grep -E'
ac_cv_path_FGREP='/bin/grep -F'
ac_cv_path_GREP=/bin/grep
ac_cv_path_SED=/bin/sed
ac_cv_path_ac_pt_PKG_CONFIG=/usr/bin/pkg-config
ac_cv_path_install='/usr/bin/install -c'
ac_cv_path_lt_DD=/bin/dd
ac_cv_path_mkdir=/bin/mkdir
ac_cv_prog_AWK=mawk
ac_cv_prog_CPP='gcc -E'
ac_cv_prog_ac_ct_AR=ar
ac_cv_prog_ac_ct_CC=gcc
ac_cv_prog_ac_ct_MANIFEST_TOOL=mt
ac_cv_prog_ac_ct_OBJDUMP=objdump
ac_cv_prog_ac_ct_RANLIB=ranlib
ac_cv_prog_ac_ct_STRIP=strip
ac_cv_prog_cc_c89=
ac_cv_prog_cc_g=yes
ac_cv_prog_make_make_set=yes
ac_cv_search_strerror='none required'
am_cv_CC_dependencies_compiler_type=gcc3
am_cv_make_support_nested_variables=yes
am_cv_prog_cc_c_o=yes
lt_cv_ar_at_file=@
lt_cv_archive_cmds_need_lc=no
lt_cv_deplibs_check_method=pass_all
lt_cv_file_magic_cmd='$MAGIC_CMD'
lt_cv_file_magic_test_file=
lt_cv_ld_reload_flag=-r
lt_cv_nm_interface='BSD nm'
lt_cv_objdir=.libs
lt_cv_path_LD=/usr/bin/ld
lt_cv_path_NM='/usr/bin/nm -B'
lt_cv_path_mainfest_tool=no
lt_cv_prog_compiler_c_o=yes
lt_cv_prog_compiler_pic='-fPIC -DPIC'
lt_cv_prog_compiler_pic_works=yes
lt_cv_prog_compiler_rtti_exceptions=no
lt_cv_prog_compiler_static_works=yes
lt_cv_prog_gnu_ld=yes
lt_cv_sharedlib_from_linklib_cmd='printf %s\n'
lt_cv_shlibpath_overrides_runpath=yes
lt_cv_sys_global_symbol_pipe='sed -n -e '\''s/^.*[	 ]\([ABCDGIRSTW][ABCDGIRSTW]*\)[	 ][	 ]*\([_A-Za-z][_A-Za-z0-9]*\)$/\1 \2 \2/p'\'' | sed '\''/ __gnu_lto/d'\'''
lt_cv_sys_global_symbol_to_c_name_address='sed -n -e '\''s/^: \(.*\) .*$/  {"\1", (void *) 0},/p'\'' -e '\''s/^[ABCDGIRSTW][ABCDGIRSTW]* .* \(.*\)$/  {"\1", (void *) \&\1},/p'\'''
lt_cv_sys_global_symbol_to_c_name_address_lib_prefix='sed -n -e '\''s/^: \(.*\) .*$/  {"\1", (void *) 0},/p'\'' -e '\''s/^[ABCDGIRSTW][ABCDGIRSTW]* .* \(lib.*\)$/  {"\1", (void *) \&\1},/p'\'' -e '\''s/^[ABCDGIRSTW][ABCDGIRSTW]* .* \(.*\)$/  {"lib\1", (void *) \&\1},/p'\'''
lt_cv_sys_global_symbol_to_cdecl='sed -n -e '\''s/^T .* \(.*\)$/extern int \1();/p'\'' -e '\''s/^[ABCDGIRSTW][ABCDGIRSTW]* .* \(.*\)$/extern char \1;/p'\'''
lt_cv_sys_global_symbol_to_import=
lt_cv_sys_max_cmd_len=1572864
lt_cv_to_host_file_cmd=func_convert_file_noop
lt_cv_to_tool_file_cmd=func_convert_file_noop
lt_cv_truncate_bin='/bin/dd bs=4096 count=1'

## ----------------- ##
## Output variables. ##
## ----------------- ##

ACLOCAL='aclocal-1.15'
AMDEPBACKSLASH='\'
AMDEP_FALSE='#'
AMDEP_TRUE=''
AMTAR='$${TAR-tar}'
AM_BACKSLASH='\'
AM_DEFAULT_V='$(AM_DEFAULT_VERBOSITY)'
AM_DEFAULT_VERBOSITY='1'
AM_V='$(V)'
AR='ar'
AUTOCONF='autoconf'
AUTOHEADER='autoheader'
AUTOMAKE='automake-1.15'
AWK='mawk'
CC='gcc'
CCDEPMODE='depmode=gcc3'
CFLAGS='-g -O2 -Wall -Werror-implicit-function-declaration -Wstrict-prototypes -Wmissing-prototypes -Wmissing-declarations -I/usr/include/glib-2.0 -I/usr/lib/x86_64-linux-gnu/glib-2.0/include'
CPP='gcc -E'
CPPFLAGS=''
CYGPATH_W='echo'
DEFS='-DHAVE_CONFIG_H'
DEPDIR='.deps'
DLLTOOL='false'
DSYMUTIL=''
DUMPBIN=''
ECHO_C=''
ECHO_N='-n'
ECHO_T=''
EGREP='/bin/grep -E'
EXEEXT=''
FGREP='/bin/grep -F'
GLIB_CFLAGS='-pthread -I/usr/include/glib-2.0 -I/usr/lib/x86_64-linux-gnu/glib-2.0/include'
GLIB_COMPILE_RESOURCES='glib-compile-resources'
GLIB_CONFIG=''
GLIB_DEPLIBS='-lglib-2.0'
GLIB_GENMARSHAL='glib-genmarshal'
GLIB_LIBS='-lglib-2.0'
GLIB_MKENUMS='glib-mkenums'
GOBJECT_QUERY='gobject-query'
GREP='/bin/grep'
GTS_MAJOR_VERSION='0'
GTS_MICRO_VERSION='6'
GTS_MINOR_VERSION='7'
GTS_VERSION='0.7.6'
HAS_NETPBM_FALSE=''
HAS_NETPBM_TRUE='#'
INSTALL_DATA='${INSTALL} -m 644'
INSTALL_PROGRAM='${INSTALL}'
INSTALL_SCRIPT='${INSTALL}'
INSTALL_STRIP_PROGRAM='$(install_sh) -c -s'
LD='/usr/bin/ld -m elf_x86_64'
LDFLAGS=' -lglib-2.0'
LIBOBJS=''
LIBS=''
LIBTOOL='$(SHELL) $(top_builddir)/libtool'
LIPO=''
LN_S='ln -s'
LTLIBOBJS=''
LT_AGE='0'
LT_CURRENT='5'
LT_RELEASE='0.7'
LT_REVISION='1'
LT_SYS_LIBRARY_PATH=''
MAINT='#'
MAINTAINER_MODE_FALSE=''
MAINTAINER_MODE_TRUE='#'
MAKEINFO='makeinfo'
MANIFEST_TOOL=':'
MKDIR_P='/bin/mkdir -p'
NM='/usr/bin/nm -B'
NMEDIT=''
OBJDUMP='objdump'
OBJEXT='o'
OTOOL64=''
OTOOL=''
PACKAGE='gts'
PACKAGE_BUGREPORT=''
PACKAGE_NAME=''
PACKAGE_STRING=''
PACKAGE_TARNAME=''
PACKAGE_URL=''
PACKAGE_VERSION=''
PATH_SEPARATOR=':'
PKG_CONFIG='/usr/bin/pkg-config'
PKG_CONFIG_LIBDIR=''
PKG_CONFIG_PATH=''
RANLIB='ranlib'
SED='/bin/sed'
SET_MAKE=''
SHELL='/bin/bash'
STRIP='strip'
VERSION='0.7.6'
ac_ct_AR='ar'
ac_ct_CC='gcc'
ac_ct_DUMPBIN=''
am__EXEEXT_FALSE=''
am__EXEEXT_TRUE='#'
am__fastdepCC_FALSE='#'
am__fastdepCC_TRUE=''
am__include='include'
am__isrc=''
am__leading_dot='.'
am__nodep='_no'
am__quote=''
am__tar='$${TAR-tar} chof - "$$tardir"'
am__untar='$${TAR-tar} xf -'
bindir='${exec_prefix}/bin'
build='x86_64-unknown-linux-gnu'
build_alias=''
build_cpu='x86_64'
build_os='linux-gnu'
build_vendor='unknown'
datadir='${datarootdir}'
datarootdir='${prefix}/share'
docdir='${datarootdir}/doc/${PACKAGE}'
dvidir='${docdir}'
exec_prefix='${prefix}'
glib_cflags='-I/usr/include/glib-2.0 -I/usr/lib/x86_64-linux-gnu/glib-2.0/include'
glib_libs='-lglib-2.0'
glib_module_cflags='-pthread -I/usr/include/glib-2.0 -I/usr/lib/x86_64-linux-gnu/glib-2.0/include'
glib_module_libs='-Wl,--export-dynamic -lgmodule-2.0 -pthread -lglib-2.0'
glib_thread_cflags='-pthread -I/usr/include/glib-2.0 -I/usr/lib/x86_64-linux-gnu/glib-2.0/include'
glib_thread_libs='-lgthread-2.0 -pthread -lglib-2.0'
host='x86_64-unknown-linux-gnu'
host_alias=''
host_cpu='x86_64'
host_os='linux-gnu'
host_vendor='unknown'
htmldir='${docdir}'
includedir='${prefix}/include'
infodir='${datarootdir}/info'
install_sh='${SHELL} /home/oponn/3D-Point-Cloud-Denoising/gts-0.7.6/install-sh'
libdir='${exec_prefix}/lib'
libexecdir='${exec_prefix}/libexec'
localedir='${datarootdir}/locale'
localstatedir='${prefix}/var'
mandir='${datarootdir}/man'
mkdir_p='$(MKDIR_P)'
oldincludedir='/usr/include'
pdfdir='${docdir}'
prefix='/usr/local'
program_transform_name='s,x,x,'
psdir='${docdir}'
runstatedir='${localstatedir}/run'
sbindir='${exec_prefix}/sbin'
sharedstatedir='${prefix}/com'
sysconfdir='${prefix}/etc'
target_alias=''

## ----------- ##
## confdefs.h. ##
## ----------- ##

/* confdefs.h */
#define PACKAGE_NAME ""
#define PACKAGE_TARNAME ""
#define PACKAGE_VERSION ""
#define PACKAGE_STRING ""
#define PACKAGE_BUGREPORT ""
#define PACKAGE_URL ""
#define GTS_MAJOR_VERSION 0
#define GTS_MINOR_VERSION 7
#define GTS_MICRO_VERSION 6
#define GTS_INTERFACE_AGE 1
#define GTS_BINARY_AGE 1
#define STDC_HEADERS 1
#define HAVE_SYS_TYPES_H 1
#define HAVE_SYS_STAT_H 1
#define HAVE_STDLIB_H 1
#define HAVE_STRING_H 1
#define HAVE_MEMORY_H 1
#define HAVE_STRINGS_H 1
#define HAVE_INTTYPES_H 1
#define HAVE_STDINT_H 1
#define HAVE_UNISTD_H 1
#define HAVE_DLFCN_H 1
#define LT_OBJDIR ".libs/"
#define STDC_HEADERS 1
#define HAVE_FPU_CONTROL_H 1
#define HAVE_FPU_CONTROL_H 1
#define HAVE_UNISTD_H 1
#define HAVE_UNISTD_H 1
#define HAVE_GETOPT_H 1
#define HAVE_GETOPT_H 1
#define HAVE_GETOPT_LONG 1

configure: exit 0
